[INFO] 13:45:36:651 FILESYSTEM/(5690:5690): Se estableció la conexión al servidor.
[INFO] 13:45:36:651 FILESYSTEM/(5690:5690): Listo para escuchar a mi cliente
[INFO] 13:45:43:832 FILESYSTEM/(5690:5690): Se conecto un cliente!
[INFO] 13:45:43:832 FILESYSTEM/(5690:5690): Se conectó kernel
[INFO] 13:49:12:364 FILESYSTEM/(6220:6220): Se estableció la conexión al servidor.
[INFO] 13:49:12:364 FILESYSTEM/(6220:6220): Listo para escuchar a mi cliente
[INFO] 13:49:18:589 FILESYSTEM/(6220:6220): Se conecto un cliente!
[INFO] 13:49:18:590 FILESYSTEM/(6220:6220): Se conectó kernel
[ERROR] 13:50:27:767 FILESYSTEM/(6323:6323): Error al conectarse al servidor.
[INFO] 13:50:27:768 FILESYSTEM/(6323:6323): Listo para escuchar a mi cliente
[INFO] 13:50:45:983 FILESYSTEM/(6325:6325): Se estableció la conexión al servidor.
[INFO] 13:50:45:984 FILESYSTEM/(6325:6325): Listo para escuchar a mi cliente
[INFO] 13:50:59:308 FILESYSTEM/(6325:6325): Se conecto un cliente!
[INFO] 13:50:59:308 FILESYSTEM/(6325:6325): Se conectó kernel
[INFO] 13:53:16:173 FILESYSTEM/(6423:6423): Se estableció la conexión al servidor.
[INFO] 13:53:16:173 FILESYSTEM/(6423:6423): Listo para escuchar a mi cliente
[INFO] 13:53:27:376 FILESYSTEM/(6423:6423): Se conecto un cliente!
[INFO] 13:53:27:376 FILESYSTEM/(6423:6423): Se conectó kernel
[INFO] 13:55:09:070 FILESYSTEM/(6617:6617): Se estableció la conexión al servidor.
[INFO] 13:55:09:071 FILESYSTEM/(6617:6617): Listo para escuchar a mi cliente
[INFO] 13:55:15:402 FILESYSTEM/(6617:6617): Se conecto un cliente!
[INFO] 13:55:15:402 FILESYSTEM/(6617:6617): Se conectó kernel
[ERROR] 13:56:16:606 FILESYSTEM/(6745:6745): Error al conectarse al servidor.
[INFO] 13:56:16:607 FILESYSTEM/(6745:6745): Listo para escuchar a mi cliente
[ERROR] 13:56:35:860 FILESYSTEM/(6747:6747): Error al conectarse al servidor.
[INFO] 13:56:35:861 FILESYSTEM/(6747:6747): Listo para escuchar a mi cliente
[INFO] 13:57:08:146 FILESYSTEM/(6753:6753): Se estableció la conexión al servidor.
[INFO] 13:57:08:146 FILESYSTEM/(6753:6753): Listo para escuchar a mi cliente
[INFO] 13:57:14:097 FILESYSTEM/(6753:6753): Se conecto un cliente!
[INFO] 13:57:14:098 FILESYSTEM/(6753:6753): Se conectó kernel
[INFO] 14:01:37:524 FILESYSTEM/(6846:6846): Se estableció la conexión al servidor.
[INFO] 14:01:37:525 FILESYSTEM/(6846:6846): Listo para escuchar a mi cliente
[INFO] 14:01:50:019 FILESYSTEM/(6846:6846): Se conecto un cliente!
[INFO] 14:01:50:019 FILESYSTEM/(6846:6846): Se conectó kernel
[ERROR] 14:03:05:690 FILESYSTEM/(7105:7105): Error al conectarse al servidor.
[INFO] 14:03:05:691 FILESYSTEM/(7105:7105): Listo para escuchar a mi cliente
[ERROR] 14:03:22:276 FILESYSTEM/(7107:7107): Error al conectarse al servidor.
[INFO] 14:03:22:276 FILESYSTEM/(7107:7107): Listo para escuchar a mi cliente
[INFO] 14:03:35:136 FILESYSTEM/(7109:7109): Se estableció la conexión al servidor.
[INFO] 14:03:35:136 FILESYSTEM/(7109:7109): Listo para escuchar a mi cliente
[INFO] 14:03:41:560 FILESYSTEM/(7109:7109): Se conecto un cliente!
[INFO] 14:03:41:560 FILESYSTEM/(7109:7109): Se conectó kernel
[INFO] 14:08:05:471 FILESYSTEM/(7233:7233): Se estableció la conexión al servidor.
[INFO] 14:08:05:471 FILESYSTEM/(7233:7233): Listo para escuchar a mi cliente
[INFO] 14:08:10:464 FILESYSTEM/(7233:7233): Se conecto un cliente!
[INFO] 14:08:10:464 FILESYSTEM/(7233:7233): Se conectó kernel
[INFO] 00:34:55:479 FILESYSTEM/(86074:86074): Se estableció la conexión al servidor.
[INFO] 00:34:55:479 FILESYSTEM/(86074:86074): Listo para escuchar a mi cliente
[INFO] 00:35:09:521 FILESYSTEM/(86074:86074): Se conecto un cliente!
[INFO] 00:35:09:521 FILESYSTEM/(86074:86074): Se conectó kernel
[INFO] 19:51:25:652 FILESYSTEM/(2806:2806): Se estableció la conexión al servidor.
[INFO] 19:51:25:652 FILESYSTEM/(2806:2806): Listo para escuchar a mi cliente
[INFO] 19:51:42:656 FILESYSTEM/(2806:2806): Se conecto un cliente!
[INFO] 19:51:42:656 FILESYSTEM/(2806:2806): Se conectó kernel
[INFO] 19:55:26:660 FILESYSTEM/(3001:3001): Se estableció la conexión al servidor.
[INFO] 19:55:26:661 FILESYSTEM/(3001:3001): Listo para escuchar a mi cliente
[INFO] 19:55:32:297 FILESYSTEM/(3001:3001): Se conecto un cliente!
[INFO] 19:55:32:297 FILESYSTEM/(3001:3001): Se conectó kernel
[INFO] 19:58:06:244 FILESYSTEM/(3172:3172): Se estableció la conexión al servidor.
[INFO] 19:58:06:245 FILESYSTEM/(3172:3172): Listo para escuchar a mi cliente
[INFO] 19:58:11:537 FILESYSTEM/(3172:3172): Se conecto un cliente!
[INFO] 19:58:11:537 FILESYSTEM/(3172:3172): Se conectó kernel
[INFO] 20:01:48:299 FILESYSTEM/(3327:3327): Se estableció la conexión al servidor.
[INFO] 20:01:48:300 FILESYSTEM/(3327:3327): Listo para escuchar a mi cliente
[INFO] 20:01:54:730 FILESYSTEM/(3327:3327): Se conecto un cliente!
[INFO] 20:01:54:730 FILESYSTEM/(3327:3327): Se conectó kernel
[INFO] 20:10:14:433 FILESYSTEM/(3593:3593): Se estableció la conexión al servidor.
[INFO] 20:10:14:433 FILESYSTEM/(3593:3593): Listo para escuchar a mi cliente
[INFO] 20:10:23:405 FILESYSTEM/(3593:3593): Se conecto un cliente!
[INFO] 20:10:23:406 FILESYSTEM/(3593:3593): Se conectó kernel
[INFO] 20:13:02:562 FILESYSTEM/(3771:3771): Se estableció la conexión al servidor.
[INFO] 20:13:02:563 FILESYSTEM/(3771:3771): Listo para escuchar a mi cliente
[INFO] 20:13:51:707 FILESYSTEM/(3771:3771): Se conecto un cliente!
[INFO] 20:13:51:707 FILESYSTEM/(3771:3771): Se conectó kernel
[INFO] 20:14:38:403 FILESYSTEM/(4085:4085): Se estableció la conexión al servidor.
[INFO] 20:14:38:403 FILESYSTEM/(4085:4085): Listo para escuchar a mi cliente
[INFO] 20:27:03:145 FILESYSTEM/(4391:4391): Se estableció la conexión al servidor.
[INFO] 20:27:03:146 FILESYSTEM/(4391:4391): Listo para escuchar a mi cliente
[INFO] 20:27:11:316 FILESYSTEM/(4391:4391): Se conecto un cliente!
[INFO] 20:27:11:317 FILESYSTEM/(4391:4391): Se conectó kernel
[INFO] 20:29:13:955 FILESYSTEM/(4671:4671): Se estableció la conexión al servidor.
[INFO] 20:29:13:955 FILESYSTEM/(4671:4671): Listo para escuchar a mi cliente
[INFO] 20:29:19:901 FILESYSTEM/(4671:4671): Se conecto un cliente!
[INFO] 20:29:19:901 FILESYSTEM/(4671:4671): Se conectó kernel
[INFO] 20:35:07:699 FILESYSTEM/(4823:4823): Se estableció la conexión al servidor.
[INFO] 20:35:07:699 FILESYSTEM/(4823:4823): Listo para escuchar a mi cliente
[INFO] 20:35:14:143 FILESYSTEM/(4823:4823): Se conecto un cliente!
[INFO] 20:35:14:143 FILESYSTEM/(4823:4823): Se conectó kernel
[INFO] 20:36:40:207 FILESYSTEM/(4979:4979): Se estableció la conexión al servidor.
[INFO] 20:36:40:207 FILESYSTEM/(4979:4979): Listo para escuchar a mi cliente
[INFO] 20:37:55:482 FILESYSTEM/(4979:4979): Se conecto un cliente!
[INFO] 20:37:55:482 FILESYSTEM/(4979:4979): Se conectó kernel
[INFO] 20:40:33:251 FILESYSTEM/(5237:5237): Se estableció la conexión al servidor.
[INFO] 20:40:33:252 FILESYSTEM/(5237:5237): Listo para escuchar a mi cliente
[INFO] 20:40:40:007 FILESYSTEM/(5237:5237): Se conecto un cliente!
[INFO] 20:40:40:008 FILESYSTEM/(5237:5237): Se conectó kernel
[ERROR] 20:43:14:757 FILESYSTEM/(5405:5405): Error al conectarse al servidor.
[INFO] 20:43:14:757 FILESYSTEM/(5405:5405): Listo para escuchar a mi cliente
[ERROR] 20:43:57:967 FILESYSTEM/(5547:5547): Error al conectarse al servidor.
[INFO] 20:43:57:967 FILESYSTEM/(5547:5547): Listo para escuchar a mi cliente
[INFO] 20:45:58:935 FILESYSTEM/(5601:5601): Se estableció la conexión al servidor.
[INFO] 20:45:58:935 FILESYSTEM/(5601:5601): Listo para escuchar a mi cliente
[INFO] 20:46:09:009 FILESYSTEM/(5601:5601): Se conecto un cliente!
[INFO] 20:46:09:009 FILESYSTEM/(5601:5601): Se conectó kernel
[ERROR] 20:47:01:429 FILESYSTEM/(5743:5743): Error al conectarse al servidor.
[INFO] 20:47:01:430 FILESYSTEM/(5743:5743): Listo para escuchar a mi cliente
[ERROR] 20:47:17:425 FILESYSTEM/(5893:5893): Error al conectarse al servidor.
[INFO] 20:47:17:426 FILESYSTEM/(5893:5893): Listo para escuchar a mi cliente
[INFO] 20:47:34:908 FILESYSTEM/(5908:5908): Se estableció la conexión al servidor.
[INFO] 20:47:34:909 FILESYSTEM/(5908:5908): Listo para escuchar a mi cliente
[INFO] 20:47:40:149 FILESYSTEM/(5908:5908): Se conecto un cliente!
[INFO] 20:47:40:150 FILESYSTEM/(5908:5908): Se conectó kernel
[INFO] 20:49:20:271 FILESYSTEM/(5996:5996): Se estableció la conexión al servidor.
[INFO] 20:49:20:271 FILESYSTEM/(5996:5996): Listo para escuchar a mi cliente
[INFO] 20:49:26:118 FILESYSTEM/(5996:5996): Se conecto un cliente!
[INFO] 20:49:26:118 FILESYSTEM/(5996:5996): Se conectó kernel
[INFO] 20:51:34:267 FILESYSTEM/(6054:6054): Se estableció la conexión al servidor.
[INFO] 20:51:34:268 FILESYSTEM/(6054:6054): Listo para escuchar a mi cliente
[INFO] 20:51:42:499 FILESYSTEM/(6054:6054): Se conecto un cliente!
[INFO] 20:51:42:500 FILESYSTEM/(6054:6054): Se conectó kernel
[ERROR] 20:52:07:127 FILESYSTEM/(6271:6271): Error al conectarse al servidor.
[INFO] 20:52:07:128 FILESYSTEM/(6271:6271): Listo para escuchar a mi cliente
[ERROR] 20:52:49:472 FILESYSTEM/(6417:6417): Error al conectarse al servidor.
[INFO] 20:52:49:472 FILESYSTEM/(6417:6417): Listo para escuchar a mi cliente
[INFO] 20:53:13:803 FILESYSTEM/(6435:6435): Se estableció la conexión al servidor.
[INFO] 20:53:13:803 FILESYSTEM/(6435:6435): Listo para escuchar a mi cliente
[INFO] 20:53:20:789 FILESYSTEM/(6435:6435): Se conecto un cliente!
[INFO] 20:53:20:789 FILESYSTEM/(6435:6435): Se conectó kernel
[INFO] 20:54:42:717 FILESYSTEM/(6583:6583): Se estableció la conexión al servidor.
[INFO] 20:54:42:720 FILESYSTEM/(6583:6583): Listo para escuchar a mi cliente
[INFO] 20:54:46:817 FILESYSTEM/(6583:6583): Se conecto un cliente!
[INFO] 20:54:46:817 FILESYSTEM/(6583:6583): Se conectó kernel
[INFO] 21:01:35:365 FILESYSTEM/(6784:6784): Se estableció la conexión al servidor.
[INFO] 21:01:35:367 FILESYSTEM/(6784:6784): Listo para escuchar a mi cliente
[INFO] 21:01:42:422 FILESYSTEM/(6784:6784): Se conecto un cliente!
[INFO] 21:01:42:422 FILESYSTEM/(6784:6784): Se conectó kernel
[ERROR] 21:02:26:557 FILESYSTEM/(6929:6929): Error al conectarse al servidor.
[INFO] 21:02:26:558 FILESYSTEM/(6929:6929): Listo para escuchar a mi cliente
[ERROR] 21:02:48:494 FILESYSTEM/(6931:6931): Error al conectarse al servidor.
[INFO] 21:02:48:494 FILESYSTEM/(6931:6931): Listo para escuchar a mi cliente
[INFO] 21:03:07:116 FILESYSTEM/(6946:6946): Se estableció la conexión al servidor.
[INFO] 21:03:07:116 FILESYSTEM/(6946:6946): Listo para escuchar a mi cliente
[INFO] 21:03:10:893 FILESYSTEM/(6946:6946): Se conecto un cliente!
[INFO] 21:03:10:893 FILESYSTEM/(6946:6946): Se conectó kernel
[ERROR] 21:05:30:716 FILESYSTEM/(6998:6998): Error al conectarse al servidor.
[INFO] 21:05:30:716 FILESYSTEM/(6998:6998): Listo para escuchar a mi cliente
[ERROR] 21:05:43:994 FILESYSTEM/(7000:7000): Error al conectarse al servidor.
[INFO] 21:05:43:995 FILESYSTEM/(7000:7000): Listo para escuchar a mi cliente
[INFO] 21:06:49:868 FILESYSTEM/(7003:7003): Se estableció la conexión al servidor.
[INFO] 21:06:49:868 FILESYSTEM/(7003:7003): Listo para escuchar a mi cliente
[INFO] 21:06:53:733 FILESYSTEM/(7003:7003): Se conecto un cliente!
[INFO] 21:06:53:733 FILESYSTEM/(7003:7003): Se conectó kernel
[ERROR] 21:07:30:079 FILESYSTEM/(7101:7101): Error al conectarse al servidor.
[INFO] 21:07:30:080 FILESYSTEM/(7101:7101): Listo para escuchar a mi cliente
[ERROR] 21:07:44:526 FILESYSTEM/(7103:7103): Error al conectarse al servidor.
[INFO] 21:07:44:526 FILESYSTEM/(7103:7103): Listo para escuchar a mi cliente
[ERROR] 21:08:02:458 FILESYSTEM/(7105:7105): Error al conectarse al servidor.
[INFO] 21:08:02:459 FILESYSTEM/(7105:7105): Listo para escuchar a mi cliente
[INFO] 21:08:21:755 FILESYSTEM/(7110:7110): Se estableció la conexión al servidor.
[INFO] 21:08:21:755 FILESYSTEM/(7110:7110): Listo para escuchar a mi cliente
[INFO] 21:08:29:743 FILESYSTEM/(7110:7110): Se conecto un cliente!
[INFO] 21:08:29:743 FILESYSTEM/(7110:7110): Se conectó kernel
[INFO] 21:09:45:689 FILESYSTEM/(7430:7430): Se estableció la conexión al servidor.
[INFO] 21:09:45:690 FILESYSTEM/(7430:7430): Listo para escuchar a mi cliente
[INFO] 21:09:50:017 FILESYSTEM/(7430:7430): Se conecto un cliente!
[INFO] 21:09:50:017 FILESYSTEM/(7430:7430): Se conectó kernel
[INFO] 21:11:46:208 FILESYSTEM/(7468:7468): Se estableció la conexión al servidor.
[INFO] 21:11:46:209 FILESYSTEM/(7468:7468): Listo para escuchar a mi cliente
[INFO] 21:11:51:112 FILESYSTEM/(7468:7468): Se conecto un cliente!
[INFO] 21:11:51:112 FILESYSTEM/(7468:7468): Se conectó kernel
[INFO] 21:14:13:810 FILESYSTEM/(7663:7663): Se estableció la conexión al servidor.
[INFO] 21:14:13:811 FILESYSTEM/(7663:7663): Listo para escuchar a mi cliente
[INFO] 21:14:21:199 FILESYSTEM/(7663:7663): Se conecto un cliente!
[INFO] 21:14:21:199 FILESYSTEM/(7663:7663): Se conectó kernel
[INFO] 21:18:10:033 FILESYSTEM/(7899:7899): Se estableció la conexión al servidor.
[INFO] 21:18:10:033 FILESYSTEM/(7899:7899): Listo para escuchar a mi cliente
[INFO] 21:18:15:575 FILESYSTEM/(7899:7899): Se conecto un cliente!
[INFO] 21:18:15:576 FILESYSTEM/(7899:7899): Se conectó kernel
[INFO] 21:23:18:254 FILESYSTEM/(8003:8003): Se estableció la conexión al servidor.
[INFO] 21:23:18:255 FILESYSTEM/(8003:8003): Listo para escuchar a mi cliente
[INFO] 21:23:35:349 FILESYSTEM/(8003:8003): Se conecto un cliente!
[INFO] 21:23:35:349 FILESYSTEM/(8003:8003): Se conectó kernel
