[INFO] 13:45:34:087 CPU/(5683:5683): Listo para escuchar a mi cliente
[INFO] 13:45:36:650 CPU/(5683:5683): Se conecto un cliente!
[INFO] 13:45:36:650 CPU/(5683:5683): Se conectó filesystem
[INFO] 13:45:40:587 CPU/(5683:5683): Se conecto un cliente!
[INFO] 13:45:40:587 CPU/(5683:5683): Se conectó cpu
[INFO] 13:45:43:832 CPU/(5683:5683): Se conecto un cliente!
[INFO] 13:45:43:832 CPU/(5683:5683): Se conectó kernel
[INFO] 13:45:43:832 CPU/(5683:5683): Declaré el hilo.
[INFO] 13:45:43:832 CPU/(5683:5683): socket: 7
[INFO] 13:45:43:832 CPU/(5683:5683): Creé el hilo.
[INFO] 13:49:10:532 CPU/(6219:6219): Listo para escuchar a mi cliente
[INFO] 13:49:12:364 CPU/(6219:6219): Se conecto un cliente!
[INFO] 13:49:12:364 CPU/(6219:6219): Se conectó filesystem
[INFO] 13:49:16:748 CPU/(6219:6219): Se conecto un cliente!
[INFO] 13:49:16:748 CPU/(6219:6219): Se conectó cpu
[INFO] 13:49:18:589 CPU/(6219:6219): Se conecto un cliente!
[INFO] 13:49:18:589 CPU/(6219:6219): Se conectó kernel
[INFO] 13:49:18:589 CPU/(6219:6219): Declaré el hilo.
[INFO] 13:49:18:590 CPU/(6219:6219): socket: 7
[INFO] 13:49:18:590 CPU/(6219:6219): Creé el hilo.
[INFO] 13:50:26:111 CPU/(6322:6322): Listo para escuchar a mi cliente
[INFO] 13:50:43:899 CPU/(6324:6324): Listo para escuchar a mi cliente
[INFO] 13:50:45:983 CPU/(6324:6324): Se conecto un cliente!
[INFO] 13:50:45:983 CPU/(6324:6324): Se conectó filesystem
[INFO] 13:50:49:025 CPU/(6324:6324): Se conecto un cliente!
[INFO] 13:50:49:025 CPU/(6324:6324): Se conectó cpu
[INFO] 13:50:59:308 CPU/(6324:6324): Se conecto un cliente!
[INFO] 13:50:59:308 CPU/(6324:6324): Se conectó kernel
[INFO] 13:50:59:308 CPU/(6324:6324): Declaré el hilo.
[INFO] 13:50:59:308 CPU/(6324:6324): socket: 7
[INFO] 13:50:59:308 CPU/(6324:6324): Creé el hilo.
[INFO] 13:53:13:283 CPU/(6422:6422): Listo para escuchar a mi cliente
[INFO] 13:53:16:173 CPU/(6422:6422): Se conecto un cliente!
[INFO] 13:53:16:173 CPU/(6422:6422): Se conectó filesystem
[INFO] 13:53:24:039 CPU/(6422:6422): Se conecto un cliente!
[INFO] 13:53:24:039 CPU/(6422:6422): Se conectó cpu
[INFO] 13:53:27:376 CPU/(6422:6422): Se conecto un cliente!
[INFO] 13:53:27:376 CPU/(6422:6422): Se conectó kernel
[INFO] 13:53:27:376 CPU/(6422:6422): Declaré el hilo.
[INFO] 13:53:27:376 CPU/(6422:6422): socket: 7
[INFO] 13:53:27:376 CPU/(6422:6422): Creé el hilo.
[INFO] 13:55:07:138 CPU/(6609:6609): Listo para escuchar a mi cliente
[INFO] 13:55:09:070 CPU/(6609:6609): Se conecto un cliente!
[INFO] 13:55:09:070 CPU/(6609:6609): Se conectó filesystem
[INFO] 13:55:11:299 CPU/(6609:6609): Se conecto un cliente!
[INFO] 13:55:11:299 CPU/(6609:6609): Se conectó cpu
[INFO] 13:55:15:401 CPU/(6609:6609): Se conecto un cliente!
[INFO] 13:55:15:401 CPU/(6609:6609): Se conectó kernel
[INFO] 13:55:15:401 CPU/(6609:6609): Declaré el hilo.
[INFO] 13:55:15:401 CPU/(6609:6609): socket: 7
[INFO] 13:55:15:401 CPU/(6609:6609): Creé el hilo.
[INFO] 13:56:14:938 CPU/(6744:6744): Listo para escuchar a mi cliente
[INFO] 13:56:34:122 CPU/(6746:6746): Listo para escuchar a mi cliente
[INFO] 13:57:05:795 CPU/(6748:6748): Listo para escuchar a mi cliente
[INFO] 13:57:08:146 CPU/(6748:6748): Se conecto un cliente!
[INFO] 13:57:08:146 CPU/(6748:6748): Se conectó filesystem
[INFO] 13:57:10:566 CPU/(6748:6748): Se conecto un cliente!
[INFO] 13:57:10:566 CPU/(6748:6748): Se conectó cpu
[INFO] 13:57:14:098 CPU/(6748:6748): Se conecto un cliente!
[INFO] 13:57:14:098 CPU/(6748:6748): Se conectó kernel
[INFO] 13:57:14:098 CPU/(6748:6748): Declaré el hilo.
[INFO] 13:57:14:098 CPU/(6748:6748): socket: 7
[INFO] 13:57:14:098 CPU/(6748:6748): Creé el hilo.
[INFO] 14:01:35:952 CPU/(6845:6845): Listo para escuchar a mi cliente
[INFO] 14:01:37:524 CPU/(6845:6845): Se conecto un cliente!
[INFO] 14:01:37:524 CPU/(6845:6845): Se conectó filesystem
[INFO] 14:01:39:195 CPU/(6845:6845): Se conecto un cliente!
[INFO] 14:01:39:195 CPU/(6845:6845): Se conectó cpu
[INFO] 14:01:50:019 CPU/(6845:6845): Se conecto un cliente!
[INFO] 14:01:50:019 CPU/(6845:6845): Se conectó kernel
[INFO] 14:01:50:019 CPU/(6845:6845): Declaré el hilo.
[INFO] 14:01:50:020 CPU/(6845:6845): socket: 7
[INFO] 14:01:50:020 CPU/(6845:6845): Creé el hilo.
[INFO] 14:03:03:937 CPU/(7104:7104): Listo para escuchar a mi cliente
[INFO] 14:03:20:461 CPU/(7106:7106): Listo para escuchar a mi cliente
[INFO] 14:03:33:023 CPU/(7108:7108): Listo para escuchar a mi cliente
[INFO] 14:03:35:136 CPU/(7108:7108): Se conecto un cliente!
[INFO] 14:03:35:136 CPU/(7108:7108): Se conectó filesystem
[INFO] 14:03:37:422 CPU/(7108:7108): Se conecto un cliente!
[INFO] 14:03:37:422 CPU/(7108:7108): Se conectó cpu
[INFO] 14:03:41:560 CPU/(7108:7108): Se conecto un cliente!
[INFO] 14:03:41:560 CPU/(7108:7108): Se conectó kernel
[INFO] 14:03:41:560 CPU/(7108:7108): Declaré el hilo.
[INFO] 14:03:41:560 CPU/(7108:7108): socket: 7
[INFO] 14:03:41:560 CPU/(7108:7108): Creé el hilo.
[INFO] 14:08:03:694 CPU/(7232:7232): Listo para escuchar a mi cliente
[INFO] 14:08:05:470 CPU/(7232:7232): Se conecto un cliente!
[INFO] 14:08:05:470 CPU/(7232:7232): Se conectó filesystem
[INFO] 14:08:07:509 CPU/(7232:7232): Se conecto un cliente!
[INFO] 14:08:07:509 CPU/(7232:7232): Se conectó cpu
[INFO] 14:08:10:464 CPU/(7232:7232): Se conecto un cliente!
[INFO] 14:08:10:464 CPU/(7232:7232): Se conectó kernel
[INFO] 14:08:10:464 CPU/(7232:7232): Declaré el hilo.
[INFO] 14:08:10:464 CPU/(7232:7232): socket: 7
[INFO] 14:08:10:464 CPU/(7232:7232): Creé el hilo.
[INFO] 00:34:51:297 CPU/(86073:86073): Listo para escuchar a mi cliente
[INFO] 00:34:55:478 CPU/(86073:86073): Se conecto un cliente!
[INFO] 00:34:55:478 CPU/(86073:86073): Se conectó filesystem
[INFO] 00:35:03:266 CPU/(86073:86073): Se conecto un cliente!
[INFO] 00:35:03:266 CPU/(86073:86073): Se conectó cpu
[INFO] 00:35:09:520 CPU/(86073:86073): Se conecto un cliente!
[INFO] 00:35:09:520 CPU/(86073:86073): Se conectó kernel
[INFO] 00:35:09:521 CPU/(86073:86073): Declaré el hilo.
[INFO] 00:35:09:521 CPU/(86073:86073): socket: 7
[INFO] 00:35:09:521 CPU/(86073:86073): Creé el hilo.
