[INFO] 00:22:02:927 HILO_CPU/(85325:85330): HILO
[INFO] 00:22:02:927 HILO_CPU/(85325:85330): Socket: 6
[INFO] 00:22:02:928 HILO_CPU/(85325:85330): op_code: 3
[INFO] 00:22:02:928 HILO_CPU/(85325:85330): pid: 0
[INFO] 00:22:02:928 HILO_CPU/(85325:85330): ip: 0
[INFO] 00:23:00:054 HILO_CPU/(85325:85330): HAY QUE ENVIAR LA INSTRUCCION
[INFO] 00:23:00:054 HILO_CPU/(85325:85330): Envío: SET AX 1
[INFO] 00:23:00:098 HILO_CPU/(85325:85330): op_code: 3
[INFO] 00:23:00:098 HILO_CPU/(85325:85330): pid: 0
[INFO] 00:23:00:098 HILO_CPU/(85325:85330): ip: 1
[INFO] 00:23:00:098 HILO_CPU/(85325:85330): HAY QUE ENVIAR LA INSTRUCCION
[INFO] 00:23:00:098 HILO_CPU/(85325:85330): Envío: SET BX 1
[INFO] 00:23:00:142 HILO_CPU/(85325:85330): op_code: 3
[INFO] 00:23:00:186 HILO_CPU/(85325:85330): pid: 0
[INFO] 00:23:00:186 HILO_CPU/(85325:85330): ip: 2
[INFO] 00:23:00:186 HILO_CPU/(85325:85330): HAY QUE ENVIAR LA INSTRUCCION
[INFO] 00:23:00:186 HILO_CPU/(85325:85330): Envío: SUM AX BX
[INFO] 00:23:00:230 HILO_CPU/(85325:85330): op_code: 3
[INFO] 00:23:00:274 HILO_CPU/(85325:85330): pid: 0
[INFO] 00:23:00:274 HILO_CPU/(85325:85330): ip: 3
[INFO] 00:23:00:274 HILO_CPU/(85325:85330): HAY QUE ENVIAR LA INSTRUCCION
[INFO] 00:23:00:274 HILO_CPU/(85325:85330): Envío: SUB AX BX
[INFO] 00:23:00:318 HILO_CPU/(85325:85330): op_code: 3
[INFO] 00:23:00:362 HILO_CPU/(85325:85330): pid: 0
[INFO] 00:23:00:362 HILO_CPU/(85325:85330): ip: 4
[INFO] 00:23:00:362 HILO_CPU/(85325:85330): HAY QUE ENVIAR LA INSTRUCCION
[INFO] 00:23:00:362 HILO_CPU/(85325:85330): Envío: MOV_IN DX 0
[INFO] 00:23:00:406 HILO_CPU/(85325:85330): op_code: 3
[INFO] 00:23:00:449 HILO_CPU/(85325:85330): pid: 0
[INFO] 00:23:00:450 HILO_CPU/(85325:85330): ip: 5
[INFO] 00:23:00:450 HILO_CPU/(85325:85330): HAY QUE ENVIAR LA INSTRUCCION
[INFO] 00:23:00:450 HILO_CPU/(85325:85330): Envío: MOV_OUT 0 CX
[INFO] 00:23:00:494 HILO_CPU/(85325:85330): op_code: 3
[INFO] 00:23:00:537 HILO_CPU/(85325:85330): pid: 0
[INFO] 00:23:00:537 HILO_CPU/(85325:85330): ip: 6
[INFO] 00:23:00:537 HILO_CPU/(85325:85330): HAY QUE ENVIAR LA INSTRUCCION
[INFO] 00:23:00:537 HILO_CPU/(85325:85330): Envío: SLEEP 10
[INFO] 00:23:00:582 HILO_CPU/(85325:85330): op_code: 3
[INFO] 00:23:00:626 HILO_CPU/(85325:85330): pid: 0
[INFO] 00:23:00:626 HILO_CPU/(85325:85330): ip: 7
[INFO] 00:23:00:626 HILO_CPU/(85325:85330): HAY QUE ENVIAR LA INSTRUCCION
[INFO] 00:23:00:626 HILO_CPU/(85325:85330): Envío: JNZ AX 4
[INFO] 00:23:00:670 HILO_CPU/(85325:85330): op_code: 3
[INFO] 00:23:00:713 HILO_CPU/(85325:85330): pid: 0
[INFO] 00:23:00:713 HILO_CPU/(85325:85330): ip: 8
[INFO] 00:23:00:713 HILO_CPU/(85325:85330): HAY QUE ENVIAR LA INSTRUCCION
[INFO] 00:23:00:713 HILO_CPU/(85325:85330): Envío: WAIT RECURSO_1
[INFO] 00:23:00:758 HILO_CPU/(85325:85330): op_code: 3
[INFO] 00:23:00:801 HILO_CPU/(85325:85330): pid: 0
[INFO] 00:23:00:802 HILO_CPU/(85325:85330): ip: 9
[INFO] 00:23:00:802 HILO_CPU/(85325:85330): HAY QUE ENVIAR LA INSTRUCCION
[INFO] 00:23:00:802 HILO_CPU/(85325:85330): Envío: SIGNAL RECURSO_1
[INFO] 00:23:00:846 HILO_CPU/(85325:85330): op_code: 3
[INFO] 00:23:00:889 HILO_CPU/(85325:85330): pid: 0
[INFO] 00:23:00:890 HILO_CPU/(85325:85330): ip: 10
[INFO] 00:23:00:890 HILO_CPU/(85325:85330): HAY QUE ENVIAR LA INSTRUCCION
[INFO] 00:23:00:890 HILO_CPU/(85325:85330): Envío: F_OPEN ARCHIVO W
[INFO] 00:23:00:934 HILO_CPU/(85325:85330): op_code: 3
[INFO] 00:23:00:977 HILO_CPU/(85325:85330): pid: 0
[INFO] 00:23:00:977 HILO_CPU/(85325:85330): ip: 11
[INFO] 00:23:00:977 HILO_CPU/(85325:85330): HAY QUE ENVIAR LA INSTRUCCION
[INFO] 00:23:00:977 HILO_CPU/(85325:85330): Envío: F_TRUNCATE ARCHIVO 64
[INFO] 00:23:01:022 HILO_CPU/(85325:85330): op_code: 3
[INFO] 00:23:01:066 HILO_CPU/(85325:85330): pid: 0
[INFO] 00:23:01:066 HILO_CPU/(85325:85330): ip: 12
[INFO] 00:23:01:066 HILO_CPU/(85325:85330): HAY QUE ENVIAR LA INSTRUCCION
[INFO] 00:23:01:066 HILO_CPU/(85325:85330): Envío: F_SEEK ARCHIVO 8
[INFO] 00:23:01:110 HILO_CPU/(85325:85330): op_code: 3
[INFO] 00:23:01:154 HILO_CPU/(85325:85330): pid: 0
[INFO] 00:23:01:154 HILO_CPU/(85325:85330): ip: 13
[INFO] 00:23:01:154 HILO_CPU/(85325:85330): HAY QUE ENVIAR LA INSTRUCCION
[INFO] 00:23:01:154 HILO_CPU/(85325:85330): Envío: F_WRITE ARCHIVO 0
[INFO] 00:23:01:198 HILO_CPU/(85325:85330): op_code: 3
[INFO] 00:23:01:241 HILO_CPU/(85325:85330): pid: 0
[INFO] 00:23:01:241 HILO_CPU/(85325:85330): ip: 14
[INFO] 00:23:01:241 HILO_CPU/(85325:85330): HAY QUE ENVIAR LA INSTRUCCION
[INFO] 00:23:01:241 HILO_CPU/(85325:85330): Envío: F_READ ARCHIVO 0
[INFO] 00:23:01:286 HILO_CPU/(85325:85330): op_code: 3
[INFO] 00:23:01:329 HILO_CPU/(85325:85330): pid: 0
[INFO] 00:23:01:329 HILO_CPU/(85325:85330): ip: 15
[INFO] 00:23:01:329 HILO_CPU/(85325:85330): HAY QUE ENVIAR LA INSTRUCCION
[INFO] 00:23:01:329 HILO_CPU/(85325:85330): Envío: F_CLOSE ARCHIVO
[INFO] 00:23:01:374 HILO_CPU/(85325:85330): op_code: 3
[INFO] 00:23:01:418 HILO_CPU/(85325:85330): pid: 0
[INFO] 00:23:01:418 HILO_CPU/(85325:85330): ip: 16
[INFO] 00:23:01:418 HILO_CPU/(85325:85330): HAY QUE ENVIAR LA INSTRUCCION
[INFO] 00:23:01:418 HILO_CPU/(85325:85330): Envío: EXIT
[INFO] 00:23:01:462 HILO_CPU/(85325:85330): op_code: 3
[INFO] 00:23:01:505 HILO_CPU/(85325:85330): pid: 0
[INFO] 00:23:01:505 HILO_CPU/(85325:85330): ip: 17
[INFO] 00:23:01:505 HILO_CPU/(85325:85330): HAY QUE ENVIAR LA INSTRUCCION
[INFO] 00:23:01:505 HILO_CPU/(85325:85330): No hay más isntrucciones
