[INFO] 00:22:02:927 HILO/(85325:85329): HILO
[INFO] 00:22:02:928 HILO/(85325:85329): Socket: 7
[INFO] 00:23:00:052 HILO/(85325:85329): op_code: 2
[INFO] 00:23:00:052 HILO/(85325:85329): pid: 0
[INFO] 00:23:00:052 HILO/(85325:85329): pseudocodigo.txt
[INFO] 00:23:00:053 HILO/(85325:85329): leer_pseudocodigo.
[INFO] 00:23:00:053 HILO/(85325:85329): char*.
[INFO] 00:23:00:053 HILO/(85325:85329): strcat.
[INFO] 00:23:00:053 HILO/(85325:85329): ruta: ./pseudocodigo/pseudocodigo.txt
[INFO] 00:23:00:053 HILO/(85325:85329): Se abrió el archivo.
[INFO] 00:23:00:053 HILO/(85325:85329): Instruccion: SET AX 1
[INFO] 00:23:00:053 HILO/(85325:85329): Hice list_add de: SET AX 1
[INFO] 00:23:00:053 HILO/(85325:85329): Instruccion: SET BX 1
[INFO] 00:23:00:053 HILO/(85325:85329): Hice list_add de: SET BX 1
[INFO] 00:23:00:053 HILO/(85325:85329): Instruccion: SUM AX BX
[INFO] 00:23:00:053 HILO/(85325:85329): Hice list_add de: SUM AX BX
[INFO] 00:23:00:053 HILO/(85325:85329): Instruccion: SUB AX BX
[INFO] 00:23:00:053 HILO/(85325:85329): Hice list_add de: SUB AX BX
[INFO] 00:23:00:053 HILO/(85325:85329): Instruccion: MOV_IN DX 0
[INFO] 00:23:00:053 HILO/(85325:85329): Hice list_add de: MOV_IN DX 0
[INFO] 00:23:00:053 HILO/(85325:85329): Instruccion: MOV_OUT 0 CX
[INFO] 00:23:00:053 HILO/(85325:85329): Hice list_add de: MOV_OUT 0 CX
[INFO] 00:23:00:053 HILO/(85325:85329): Instruccion: SLEEP 10
[INFO] 00:23:00:053 HILO/(85325:85329): Hice list_add de: SLEEP 10
[INFO] 00:23:00:053 HILO/(85325:85329): Instruccion: JNZ AX 4
[INFO] 00:23:00:053 HILO/(85325:85329): Hice list_add de: JNZ AX 4
[INFO] 00:23:00:053 HILO/(85325:85329): Instruccion: WAIT RECURSO_1
[INFO] 00:23:00:053 HILO/(85325:85329): Hice list_add de: WAIT RECURSO_1
[INFO] 00:23:00:053 HILO/(85325:85329): Instruccion: SIGNAL RECURSO_1
[INFO] 00:23:00:053 HILO/(85325:85329): Hice list_add de: SIGNAL RECURSO_1
[INFO] 00:23:00:053 HILO/(85325:85329): Instruccion: F_OPEN ARCHIVO W
[INFO] 00:23:00:053 HILO/(85325:85329): Hice list_add de: F_OPEN ARCHIVO W
[INFO] 00:23:00:053 HILO/(85325:85329): Instruccion: F_TRUNCATE ARCHIVO 64
[INFO] 00:23:00:053 HILO/(85325:85329): Hice list_add de: F_TRUNCATE ARCHIVO 64
[INFO] 00:23:00:053 HILO/(85325:85329): Instruccion: F_SEEK ARCHIVO 8
[INFO] 00:23:00:054 HILO/(85325:85329): Hice list_add de: F_SEEK ARCHIVO 8
[INFO] 00:23:00:054 HILO/(85325:85329): Instruccion: F_WRITE ARCHIVO 0
[INFO] 00:23:00:054 HILO/(85325:85329): Hice list_add de: F_WRITE ARCHIVO 0
[INFO] 00:23:00:054 HILO/(85325:85329): Instruccion: F_READ ARCHIVO 0
[INFO] 00:23:00:054 HILO/(85325:85329): Hice list_add de: F_READ ARCHIVO 0
[INFO] 00:23:00:054 HILO/(85325:85329): Instruccion: F_CLOSE ARCHIVO
[INFO] 00:23:00:054 HILO/(85325:85329): Hice list_add de: F_CLOSE ARCHIVO
[INFO] 00:23:00:054 HILO/(85325:85329): Instruccion: EXIT
[INFO] 00:23:00:054 HILO/(85325:85329): Hice list_add de: EXIT
[INFO] 00:23:00:054 HILO/(85325:85329): TOKEN NULL
[INFO] 00:23:00:054 HILO/(85325:85329): SIGNAL cantidad_de_procesos
