[INFO] 13:45:54:978 HILO/(5698:5701): Hice wait del gdmp
[INFO] 13:45:54:979 HILO/(5698:5701): Hice wait de la cola de new: 425872144
[INFO] 13:45:54:979 HILO/(5698:5701): PID: 0 - Estado Anterior: NEW - Estado Actual: READY
[INFO] 13:49:32:105 HILO/(6253:6256): Hice wait del gdmp
[INFO] 13:49:32:105 HILO/(6253:6256): Hice wait de la cola de new: 1975692048
[INFO] 13:49:32:105 HILO/(6253:6256): PID: 0 - Estado Anterior: NEW - Estado Actual: READY
[INFO] 13:51:10:753 HILO/(6327:6328): Hice wait del gdmp
[INFO] 13:51:10:753 HILO/(6327:6328): Hice wait de la cola de new: 943885072
[INFO] 13:51:10:753 HILO/(6327:6328): PID: 0 - Estado Anterior: NEW - Estado Actual: READY
[INFO] 13:51:29:096 HILO/(6327:6328): Hice wait del gdmp
[INFO] 13:51:29:097 HILO/(6327:6328): Hice wait de la cola de new: 943885072
[INFO] 13:51:29:097 HILO/(6327:6328): PID: 1 - Estado Anterior: NEW - Estado Actual: READY
[INFO] 13:53:36:565 HILO/(6581:6584): Hice wait del gdmp
[INFO] 13:53:36:565 HILO/(6581:6584): Hice wait de la cola de new: -1237456112
[INFO] 13:53:36:565 HILO/(6581:6584): PID: 0 - Estado Anterior: NEW - Estado Actual: READY
[INFO] 13:55:24:692 HILO/(6665:6668): Hice wait del gdmp
[INFO] 13:55:24:692 HILO/(6665:6668): Hice wait de la cola de new: -657933552
[INFO] 13:55:24:692 HILO/(6665:6668): PID: 0 - Estado Anterior: NEW - Estado Actual: READY
[INFO] 13:55:30:543 HILO/(6665:6668): Hice wait del gdmp
[INFO] 13:55:30:544 HILO/(6665:6668): Hice wait de la cola de new: -657933552
[INFO] 13:55:30:544 HILO/(6665:6668): PID: 1 - Estado Anterior: NEW - Estado Actual: READY
[INFO] 13:57:23:400 HILO/(6786:6789): Hice wait del gdmp
[INFO] 13:57:23:400 HILO/(6786:6789): Hice wait de la cola de new: 1886960400
[INFO] 13:57:23:400 HILO/(6786:6789): PID: 0 - Estado Anterior: NEW - Estado Actual: READY
[INFO] 13:57:23:401 HILO/(6786:6790): PID: -1923668118 pasa a EXEC
[INFO] 13:57:23:401 HILO/(6786:6790): mandé el contexto
[INFO] 13:57:47:451 HILO/(6786:6790): Fin de proceso -1923668118 motivo -1
[INFO] 14:01:59:621 HILO/(6979:6982): Hice wait del gdmp
[INFO] 14:01:59:621 HILO/(6979:6982): Hice wait de la cola de new: -1893315824
[INFO] 14:01:59:621 HILO/(6979:6982): PID: 0 - Estado Anterior: NEW - Estado Actual: READY
[INFO] 14:01:59:621 HILO/(6979:6983): PID: -68627805 - Estado Anterior: READY - Estado Actual: EXEC
[INFO] 14:01:59:621 HILO/(6979:6983): mandé el contexto
[INFO] 14:02:18:999 HILO/(6979:6983): Fin de proceso -68627805 motivo -1
[INFO] 14:03:49:062 HILO/(7111:7114): Hice wait del gdmp
[INFO] 14:03:49:062 HILO/(7111:7114): Hice wait de la cola de new: 930917136
[INFO] 14:03:49:063 HILO/(7111:7114): PID: 0 - Estado Anterior: NEW - Estado Actual: READY
[INFO] 14:03:49:063 HILO/(7111:7115): PID: -2134681815 - Estado Anterior: READY - Estado Actual: EXEC
[INFO] 14:03:49:063 HILO/(7111:7115): mandé el contexto
[INFO] 14:03:59:095 HILO/(7111:7115): Fin de proceso -2134681815 motivo -1
[INFO] 14:09:22:046 HILO/(7235:7238): Hice wait del gdmp
[INFO] 14:09:22:046 HILO/(7235:7238): Hice wait de la cola de new: -1522685168
[INFO] 14:09:22:046 HILO/(7235:7238): PID:0 - Estado:0
[INFO] 14:09:22:046 HILO/(7235:7238): PID: 0 - Estado Anterior: NEW - Estado Actual: READY
[INFO] 14:09:22:046 HILO/(7235:7239): PID: 139096713 - Estado Anterior: READY - Estado Actual: EXEC
[INFO] 14:09:22:046 HILO/(7235:7239): mandé el contexto
[INFO] 14:09:52:854 HILO/(7235:7239): Fin de proceso 139096713 motivo -1
[INFO] 00:35:30:934 HILO/(86076:86079): Hice wait del gdmp
[INFO] 00:35:30:934 HILO/(86076:86079): Hice wait de la cola de new: -1190630640
[INFO] 00:35:30:934 HILO/(86076:86079): PID:0 - Estado:0
[INFO] 00:35:30:934 HILO/(86076:86079): PID: 0 - Estado Anterior: NEW - Estado Actual: READY
[INFO] 19:51:55:276 HILO/(2922:2925): Hice wait del gdmp
[INFO] 19:51:55:276 HILO/(2922:2925): Hice wait de la cola de new: -983590128
[INFO] 19:51:55:276 HILO/(2922:2925): PID:0 - Estado:0
[INFO] 19:51:55:276 HILO/(2922:2925): PID: 0 - Estado Anterior: NEW - Estado Actual: READY
[INFO] 19:51:55:277 HILO/(2922:2926): PID: -1676905336 - Estado Anterior: READY - Estado Actual: EXEC
[INFO] 19:51:55:277 HILO/(2922:2926): mandé el contexto
[INFO] 19:53:05:479 HILO/(2922:2926): Fin de proceso -1676905336 motivo -1
[INFO] 19:55:41:629 HILO/(3043:3046): Hice wait del gdmp
[INFO] 19:55:41:629 HILO/(3043:3046): Hice wait de la cola de new: -299164912
[INFO] 19:55:41:629 HILO/(3043:3046): PID:0 - Estado:0
[INFO] 19:55:41:629 HILO/(3043:3046): PID: 0 - Estado Anterior: NEW - Estado Actual: READY
[INFO] 19:58:18:285 HILO/(3206:3209): Hice wait del gdmp
[INFO] 19:58:18:285 HILO/(3206:3209): Hice wait de la cola de new: 2040961808
[INFO] 19:58:18:285 HILO/(3206:3209): PID:0 - Estado:0
[INFO] 19:58:18:285 HILO/(3206:3209): PID: 0 - Estado Anterior: NEW - Estado Actual: READY
[INFO] 20:01:54:734 HILO/(3369:3371): Empieza el planificador fifo
[INFO] 20:02:04:780 HILO/(3369:3370): Hice wait del gdmp
[INFO] 20:02:04:780 HILO/(3369:3370): Hice wait de la cola de new: -2140558576
[INFO] 20:02:04:780 HILO/(3369:3370): PID:0 - Estado:0
[INFO] 20:02:04:780 HILO/(3369:3370): PID: 0 - Estado Anterior: NEW - Estado Actual: READY
[INFO] 20:02:04:781 HILO/(3369:3371): hice wait procesos_en_ready
[INFO] 20:02:04:781 HILO/(3369:3371): hice wait mutex_cola_ready
[INFO] 20:37:55:488 HILO/(5142:5146): Empieza el planificador fifo
[INFO] 20:40:40:012 HILO/(5360:5364): Empieza el planificador fifo
[INFO] 20:46:09:011 HILO/(5725:5729): Empieza el planificador fifo
[INFO] 20:47:40:151 HILO/(5910:5914): Empieza el planificador fifo
[INFO] 20:49:26:119 HILO/(6029:6033): Empieza el planificador fifo
[INFO] 20:51:42:501 HILO/(6190:6194): Empieza el planificador fifo
[INFO] 20:53:20:788 HILO/(6521:6523): Empieza el planificador fifo
[INFO] 20:54:46:818 HILO/(6585:6589): Empieza el planificador fifo
[INFO] 20:54:57:999 HILO/(6585:6588): Hice wait del gdmp
[INFO] 20:54:57:999 HILO/(6585:6588): Hice wait de la cola de new: -371225840
[INFO] 20:54:58:000 HILO/(6585:6588): PID:1 - Estado:0
[INFO] 20:54:58:000 HILO/(6585:6588): PID: 1 - Estado Anterior: NEW - Estado Actual: READY
[INFO] 20:54:58:002 HILO/(6585:6589): hice wait procesos_en_ready
[INFO] 20:54:58:002 HILO/(6585:6589): hice wait mutex_cola_ready
[INFO] 21:01:42:423 HILO/(6907:6910): Empieza el planificador fifo
[INFO] 21:03:10:893 HILO/(6948:6952): Empieza el planificador fifo
[INFO] 21:06:53:733 HILO/(7005:7007): Empieza el planificador fifo
[INFO] 21:08:29:743 HILO/(7187:7191): Empieza el planificador fifo
[INFO] 21:09:50:018 HILO/(7432:7436): Empieza el planificador fifo
[INFO] 21:11:51:114 HILO/(7470:7474): Empieza el planificador fifo
[INFO] 21:14:21:200 HILO/(7696:7700): Empieza el planificador fifo
[INFO] 21:18:15:575 HILO/(7908:7910): Empieza el planificador fifo
[INFO] 21:23:35:351 HILO/(8196:8200): Empieza el planificador fifo
